
  .   ____          _            __ _ _
 /\\ / ___'_ __ _ _(_)_ __  __ _ \ \ \ \
( ( )\___ | '_ | '_| | '_ \/ _` | \ \ \ \
 \\/  ___)| |_)| | | | | || (_| |  ) ) ) )
  '  |____| .__|_| |_|_| |_\__, | / / / /
 =========|_|==============|___/=/_/_/_/
 :: Spring Boot ::                (v2.4.2)

2021-02-02 04:12:22.294  INFO 25137 --- [           main] com.scam.demo.DemoApplication            : Starting DemoApplication v0.0.1-SNAPSHOT using Java 11.0.9.1 on third-color.com with PID 25137 (/root/project/scam-tk/wefinex/target/demo-0.0.1-SNAPSHOT.jar started by root in /root/project/scam-tk/wefinex)
2021-02-02 04:12:22.310  INFO 25137 --- [           main] com.scam.demo.DemoApplication            : No active profile set, falling back to default profiles: default
2021-02-02 04:12:24.466  INFO 25137 --- [           main] .s.d.r.c.RepositoryConfigurationDelegate : Bootstrapping Spring Data JPA repositories in DEFAULT mode.
2021-02-02 04:12:24.603  INFO 25137 --- [           main] .s.d.r.c.RepositoryConfigurationDelegate : Finished Spring Data repository scanning in 115 ms. Found 1 JPA repository interfaces.
2021-02-02 04:12:26.383  INFO 25137 --- [           main] o.s.b.w.embedded.tomcat.TomcatWebServer  : Tomcat initialized with port(s): 8080 (http)
2021-02-02 04:12:26.423  INFO 25137 --- [           main] o.apache.catalina.core.StandardService   : Starting service [Tomcat]
2021-02-02 04:12:26.423  INFO 25137 --- [           main] org.apache.catalina.core.StandardEngine  : Starting Servlet engine: [Apache Tomcat/9.0.41]
2021-02-02 04:12:26.569  INFO 25137 --- [           main] o.a.c.c.C.[Tomcat].[localhost].[/]       : Initializing Spring embedded WebApplicationContext
2021-02-02 04:12:26.569  INFO 25137 --- [           main] w.s.c.ServletWebServerApplicationContext : Root WebApplicationContext: initialization completed in 4123 ms
2021-02-02 04:12:27.822  INFO 25137 --- [           main] o.hibernate.jpa.internal.util.LogHelper  : HHH000204: Processing PersistenceUnitInfo [name: default]
2021-02-02 04:12:27.952  INFO 25137 --- [           main] org.hibernate.Version                    : HHH000412: Hibernate ORM core version 5.4.27.Final
2021-02-02 04:12:28.314  INFO 25137 --- [           main] o.hibernate.annotations.common.Version   : HCANN000001: Hibernate Commons Annotations {5.1.2.Final}
2021-02-02 04:12:28.522  INFO 25137 --- [           main] com.zaxxer.hikari.HikariDataSource       : HikariPool-1 - Starting...
2021-02-02 04:12:29.486  INFO 25137 --- [           main] com.zaxxer.hikari.HikariDataSource       : HikariPool-1 - Start completed.
2021-02-02 04:12:29.559  INFO 25137 --- [           main] org.hibernate.dialect.Dialect            : HHH000400: Using dialect: org.hibernate.dialect.PostgreSQL10Dialect
2021-02-02 04:12:31.218  INFO 25137 --- [           main] o.h.e.t.j.p.i.JtaPlatformInitiator       : HHH000490: Using JtaPlatform implementation: [org.hibernate.engine.transaction.jta.platform.internal.NoJtaPlatform]
2021-02-02 04:12:31.230  INFO 25137 --- [           main] j.LocalContainerEntityManagerFactoryBean : Initialized JPA EntityManagerFactory for persistence unit 'default'
2021-02-02 04:12:32.170  WARN 25137 --- [           main] JpaBaseConfiguration$JpaWebConfiguration : spring.jpa.open-in-view is enabled by default. Therefore, database queries may be performed during view rendering. Explicitly configure spring.jpa.open-in-view to disable this warning
2021-02-02 04:12:32.502  INFO 25137 --- [           main] o.s.s.concurrent.ThreadPoolTaskExecutor  : Initializing ExecutorService 'applicationTaskExecutor'
2021-02-02 04:12:32.758  INFO 25137 --- [           main] o.s.b.a.w.s.WelcomePageHandlerMapping    : Adding welcome page template: index
2021-02-02 04:12:33.312  INFO 25137 --- [           main] o.s.b.w.embedded.tomcat.TomcatWebServer  : Tomcat started on port(s): 8080 (http) with context path ''
2021-02-02 04:12:33.334  INFO 25137 --- [           main] com.scam.demo.DemoApplication            : Started DemoApplication in 12.402 seconds (JVM running for 13.777)
2021-02-02 04:13:18.013  INFO 25137 --- [extShutdownHook] o.s.s.concurrent.ThreadPoolTaskExecutor  : Shutting down ExecutorService 'applicationTaskExecutor'
2021-02-02 04:13:18.015  INFO 25137 --- [extShutdownHook] j.LocalContainerEntityManagerFactoryBean : Closing JPA EntityManagerFactory for persistence unit 'default'
2021-02-02 04:13:18.025  INFO 25137 --- [extShutdownHook] com.zaxxer.hikari.HikariDataSource       : HikariPool-1 - Shutdown initiated...
2021-02-02 04:13:18.062  INFO 25137 --- [extShutdownHook] com.zaxxer.hikari.HikariDataSource       : HikariPool-1 - Shutdown completed.

  .   ____          _            __ _ _
 /\\ / ___'_ __ _ _(_)_ __  __ _ \ \ \ \
( ( )\___ | '_ | '_| | '_ \/ _` | \ \ \ \
 \\/  ___)| |_)| | | | | || (_| |  ) ) ) )
  '  |____| .__|_| |_|_| |_\__, | / / / /
 =========|_|==============|___/=/_/_/_/
 :: Spring Boot ::                (v2.4.2)

2021-02-02 04:13:25.980  INFO 25183 --- [           main] com.scam.demo.DemoApplication            : Starting DemoApplication v0.0.1-SNAPSHOT using Java 11.0.9.1 on third-color.com with PID 25183 (/root/project/scam-tk/wefinex/target/demo-0.0.1-SNAPSHOT.jar started by root in /root/project/scam-tk/wefinex)
2021-02-02 04:13:25.991  INFO 25183 --- [           main] com.scam.demo.DemoApplication            : No active profile set, falling back to default profiles: default
2021-02-02 04:13:28.367  INFO 25183 --- [           main] .s.d.r.c.RepositoryConfigurationDelegate : Bootstrapping Spring Data JPA repositories in DEFAULT mode.
2021-02-02 04:13:28.526  INFO 25183 --- [           main] .s.d.r.c.RepositoryConfigurationDelegate : Finished Spring Data repository scanning in 140 ms. Found 1 JPA repository interfaces.
2021-02-02 04:13:30.239  INFO 25183 --- [           main] o.s.b.w.embedded.tomcat.TomcatWebServer  : Tomcat initialized with port(s): 8080 (http)
2021-02-02 04:13:30.276  INFO 25183 --- [           main] o.apache.catalina.core.StandardService   : Starting service [Tomcat]
2021-02-02 04:13:30.277  INFO 25183 --- [           main] org.apache.catalina.core.StandardEngine  : Starting Servlet engine: [Apache Tomcat/9.0.41]
2021-02-02 04:13:30.412  INFO 25183 --- [           main] o.a.c.c.C.[Tomcat].[localhost].[/]       : Initializing Spring embedded WebApplicationContext
2021-02-02 04:13:30.412  INFO 25183 --- [           main] w.s.c.ServletWebServerApplicationContext : Root WebApplicationContext: initialization completed in 4204 ms
2021-02-02 04:13:31.810  INFO 25183 --- [           main] o.hibernate.jpa.internal.util.LogHelper  : HHH000204: Processing PersistenceUnitInfo [name: default]
2021-02-02 04:13:32.020  INFO 25183 --- [           main] org.hibernate.Version                    : HHH000412: Hibernate ORM core version 5.4.27.Final
2021-02-02 04:13:32.367  INFO 25183 --- [           main] o.hibernate.annotations.common.Version   : HCANN000001: Hibernate Commons Annotations {5.1.2.Final}
2021-02-02 04:13:32.652  INFO 25183 --- [           main] com.zaxxer.hikari.HikariDataSource       : HikariPool-1 - Starting...
2021-02-02 04:13:33.462  INFO 25183 --- [           main] com.zaxxer.hikari.HikariDataSource       : HikariPool-1 - Start completed.
2021-02-02 04:13:33.515  INFO 25183 --- [           main] org.hibernate.dialect.Dialect            : HHH000400: Using dialect: org.hibernate.dialect.PostgreSQL10Dialect
2021-02-02 04:13:34.986  INFO 25183 --- [           main] o.h.e.t.j.p.i.JtaPlatformInitiator       : HHH000490: Using JtaPlatform implementation: [org.hibernate.engine.transaction.jta.platform.internal.NoJtaPlatform]
2021-02-02 04:13:35.000  INFO 25183 --- [           main] j.LocalContainerEntityManagerFactoryBean : Initialized JPA EntityManagerFactory for persistence unit 'default'
2021-02-02 04:13:36.083  WARN 25183 --- [           main] JpaBaseConfiguration$JpaWebConfiguration : spring.jpa.open-in-view is enabled by default. Therefore, database queries may be performed during view rendering. Explicitly configure spring.jpa.open-in-view to disable this warning
2021-02-02 04:13:36.449  INFO 25183 --- [           main] o.s.s.concurrent.ThreadPoolTaskExecutor  : Initializing ExecutorService 'applicationTaskExecutor'
2021-02-02 04:13:36.768  INFO 25183 --- [           main] o.s.b.a.w.s.WelcomePageHandlerMapping    : Adding welcome page template: index
2021-02-02 04:13:37.379  INFO 25183 --- [           main] o.s.b.w.embedded.tomcat.TomcatWebServer  : Tomcat started on port(s): 8080 (http) with context path ''
2021-02-02 04:13:37.416  INFO 25183 --- [           main] com.scam.demo.DemoApplication            : Started DemoApplication in 12.823 seconds (JVM running for 14.108)
2021-02-02 04:14:28.998  INFO 25183 --- [nio-8080-exec-1] o.a.c.c.C.[Tomcat].[localhost].[/]       : Initializing Spring DispatcherServlet 'dispatcherServlet'
2021-02-02 04:14:28.999  INFO 25183 --- [nio-8080-exec-1] o.s.web.servlet.DispatcherServlet        : Initializing Servlet 'dispatcherServlet'
2021-02-02 04:14:29.000  INFO 25183 --- [nio-8080-exec-1] o.s.web.servlet.DispatcherServlet        : Completed initialization in 1 ms
MyUser{id='null', email='kjkjkkj', password='1231', code='null'}
saved
121212
found email: kjkjkkj
MyUser{id='null', email='', password='', code='null'}
saved
MyUser{id='null', email='hjjkjkhh', password='67', code='null'}
saved
121212
found email: hjjkjkhh
MyUser{id='null', email='trolyonline1@gmail.com', password='111111111', code='null'}
saved
999999
found email: trolyonline1@gmail.com
666986
found email: trolyonline1@gmail.com
MyUser{id='null', email='?cvv', password='sd?ggf', code='null'}
saved
525252
found email: ?cvv
2021-02-02 06:14:08.967  WARN 25183 --- [io-8080-exec-10] .w.s.m.s.DefaultHandlerExceptionResolver : Resolved [org.springframework.web.HttpRequestMethodNotSupportedException: Request method 'GET' not supported]
MyUser{id='null', email='', password='', code='null'}
2021-02-02 06:15:24.308  WARN 25183 --- [nio-8080-exec-4] .w.s.m.s.DefaultHandlerExceptionResolver : Resolved [org.springframework.web.HttpRequestMethodNotSupportedException: Request method 'GET' not supported]
MyUser{id='null', email='', password='', code='null'}
2021-02-02 06:17:01.637  WARN 25183 --- [nio-8080-exec-1] .w.s.m.s.DefaultHandlerExceptionResolver : Resolved [org.springframework.web.HttpRequestMethodNotSupportedException: Request method 'GET' not supported]
2021-02-02 06:31:33.207  WARN 25183 --- [nio-8080-exec-5] .w.s.m.s.DefaultHandlerExceptionResolver : Resolved [org.springframework.web.HttpRequestMethodNotSupportedException: Request method 'GET' not supported]
MyUser{id='null', email='', password='', code='null'}
2021-02-02 06:31:54.951  WARN 25183 --- [nio-8080-exec-6] .w.s.m.s.DefaultHandlerExceptionResolver : Resolved [org.springframework.web.HttpRequestMethodNotSupportedException: Request method 'GET' not supported]
MyUser{id='null', email='', password='', code='null'}
MyUser{id='null', email='', password='', code='null'}
MyUser{id='null', email='trolyonline1@gmail.com', password='888888', code='null'}
999999
found email: trolyonline1@gmail.com

found email: trolyonline1@gmail.com
2021-02-02 06:36:05.478  WARN 25183 --- [nio-8080-exec-8] .w.s.m.s.DefaultHandlerExceptionResolver : Resolved [org.springframework.web.HttpRequestMethodNotSupportedException: Request method 'GET' not supported]
